C51 COMPILER V9.60.0.0   INITDEVICE                                                        09/16/2023 09:36:21 PAGE 1   


C51 COMPILER V9.60.0.0, COMPILATION OF MODULE INITDEVICE
OBJECT MODULE PLACED IN .\src\InitDevice.OBJ
COMPILER INVOKED BY: C:\SiliconLabs\SimplicityStudio\v5\developer\toolchains\keil_8051\9.60\BIN\C51.exe C:\Users\Teodor\
                    -Desktop\mc_lab_practical\FajkaV.FodorT.JK02\Feladat3\src\InitDevice.c OMF2 SMALL DEBUG OBJECTEXTEND ROM(LARGE) WARNINGLE
                    -VEL(2) FLOATFUZZY(3) OPTIMIZE(8,SPEED) DEFINE(DEBUG=1) INTVECTOR(0X0000) INTPROMOTE INCDIR(C:\Users\Teodor\Desktop\mc_la
                    -b_practical\FajkaV.FodorT.JK02\Feladat3\inc;C:/SiliconLabs/SimplicityStudio/v5/developer/sdks/8051/v4.2.5//Device/shared
                    -/si8051Base;C:/SiliconLabs/SimplicityStudio/v5/developer/sdks/8051/v4.2.5//Device/EFM8BB1/inc) PRINT(.\src\InitDevice.ls
                    -t) COND PAGEWIDTH(120) PAGELENGTH(65) OBJECT(.\src\InitDevice.OBJ)

line level    source

   1          //=========================================================
   2          // src/InitDevice.c: generated by Hardware Configurator
   3          //
   4          // This file will be regenerated when saving a document.
   5          // leave the sections inside the "$[...]" comment tags alone
   6          // or they will be overwritten!
   7          //=========================================================
   8          
   9          // USER INCLUDES
  10          #include <SI_EFM8BB1_Register_Enums.h>
  11          #include "InitDevice.h"
  12          
  13          // USER PROTOTYPES
  14          // USER FUNCTIONS
  15          
  16          // $[Library Includes]
  17          // [Library Includes]$
  18          
  19          //==============================================================================
  20          // enter_DefaultMode_from_RESET
  21          //==============================================================================
  22          extern void
  23          enter_DefaultMode_from_RESET (void)
  24          {
  25   1        // $[Config Calls]
  26   1        WDT_0_enter_DefaultMode_from_RESET ();
  27   1        PORTS_1_enter_DefaultMode_from_RESET ();
  28   1        PBCFG_0_enter_DefaultMode_from_RESET ();
  29   1        TIMER01_0_enter_DefaultMode_from_RESET ();
  30   1        TIMER_SETUP_0_enter_DefaultMode_from_RESET ();
  31   1        INTERRUPT_0_enter_DefaultMode_from_RESET ();
  32   1        // [Config Calls]$
  33   1      
  34   1      }
  35          
  36          extern void
  37          PORTS_1_enter_DefaultMode_from_RESET (void)
  38          {
  39   1        // $[P1 - Port 1 Pin Latch]
  40   1        // [P1 - Port 1 Pin Latch]$
  41   1      
  42   1        // $[P1MDOUT - Port 1 Output Mode]
  43   1        /***********************************************************************
  44   1         - P1.0 output is open-drain
  45   1         - P1.1 output is open-drain
  46   1         - P1.2 output is open-drain
  47   1         - P1.3 output is open-drain
  48   1         - P1.4 output is push-pull
  49   1         - P1.5 output is open-drain
  50   1         - P1.6 output is open-drain
  51   1         - P1.7 output is open-drain
C51 COMPILER V9.60.0.0   INITDEVICE                                                        09/16/2023 09:36:21 PAGE 2   

  52   1         ***********************************************************************/
  53   1        P1MDOUT = P1MDOUT_B0__OPEN_DRAIN | P1MDOUT_B1__OPEN_DRAIN
  54   1            | P1MDOUT_B2__OPEN_DRAIN | P1MDOUT_B3__OPEN_DRAIN | P1MDOUT_B4__PUSH_PULL
  55   1            | P1MDOUT_B5__OPEN_DRAIN | P1MDOUT_B6__OPEN_DRAIN
  56   1            | P1MDOUT_B7__OPEN_DRAIN;
  57   1        // [P1MDOUT - Port 1 Output Mode]$
  58   1      
  59   1        // $[P1MDIN - Port 1 Input Mode]
  60   1        // [P1MDIN - Port 1 Input Mode]$
  61   1      
  62   1        // $[P1SKIP - Port 1 Skip]
  63   1        // [P1SKIP - Port 1 Skip]$
  64   1      
  65   1        // $[P1MASK - Port 1 Mask]
  66   1        // [P1MASK - Port 1 Mask]$
  67   1      
  68   1        // $[P1MAT - Port 1 Match]
  69   1        // [P1MAT - Port 1 Match]$
  70   1      
  71   1      }
  72          
  73          extern void
  74          PBCFG_0_enter_DefaultMode_from_RESET (void)
  75          {
  76   1        // $[XBR2 - Port I/O Crossbar 2]
  77   1        /***********************************************************************
  78   1         - Weak Pullups enabled 
  79   1         - Crossbar enabled
  80   1         ***********************************************************************/
  81   1        XBR2 = XBR2_WEAKPUD__PULL_UPS_ENABLED | XBR2_XBARE__ENABLED;
  82   1        // [XBR2 - Port I/O Crossbar 2]$
  83   1      
  84   1        // $[PRTDRV - Port Drive Strength]
  85   1        // [PRTDRV - Port Drive Strength]$
  86   1      
  87   1        // $[XBR0 - Port I/O Crossbar 0]
  88   1        // [XBR0 - Port I/O Crossbar 0]$
  89   1      
  90   1        // $[XBR1 - Port I/O Crossbar 1]
  91   1        // [XBR1 - Port I/O Crossbar 1]$
  92   1      
  93   1      }
  94          
  95          extern void
  96          WDT_0_enter_DefaultMode_from_RESET (void)
  97          {
  98   1        // $[Watchdog Timer Init Variable Declarations]
  99   1        uint32_t i;
 100   1        bool ea;
 101   1        // [Watchdog Timer Init Variable Declarations]$
 102   1      
 103   1        // $[WDTCN - Watchdog Timer Control]
 104   1        // Deprecated
 105   1        // [WDTCN - Watchdog Timer Control]$
 106   1      
 107   1        // $[WDTCN_2 - Watchdog Timer Control]
 108   1      
 109   1        // Feed WDT timer before disabling (Erratum WDT_E102)
 110   1        WDTCN = 0xA5;
 111   1      
 112   1        // Add 2 LFO cycle delay before disabling WDT (Erratum WDT_E102)
 113   1        for (i = 0; i < (2 * 3062500UL) / (10000 * 3); i++)
 114   1          {
C51 COMPILER V9.60.0.0   INITDEVICE                                                        09/16/2023 09:36:21 PAGE 3   

 115   2            NOP ();
 116   2          }
 117   1      
 118   1        // Disable WDT
 119   1        ea = IE_EA;
 120   1        IE_EA = 0;
 121   1        WDTCN = 0xDE;
 122   1        WDTCN = 0xAD;
 123   1        IE_EA = ea;
 124   1      
 125   1        // [WDTCN_2 - Watchdog Timer Control]$
 126   1      
 127   1      }
 128          
 129          extern void
 130          TIMER_SETUP_0_enter_DefaultMode_from_RESET (void)
 131          {
 132   1        // $[CKCON0 - Clock Control 0]
 133   1        // [CKCON0 - Clock Control 0]$
 134   1      
 135   1        // $[TMOD - Timer 0/1 Mode]
 136   1        /***********************************************************************
 137   1         - Mode 2, 8-bit Counter/Timer with Auto-Reload
 138   1         - Mode 0, 13-bit Counter/Timer
 139   1         - Timer Mode
 140   1         - Timer 0 enabled when TR0 = 1 irrespective of INT0 logic level
 141   1         - Timer Mode
 142   1         - Timer 1 enabled when TR1 = 1 irrespective of INT1 logic level
 143   1         ***********************************************************************/
 144   1        TMOD = TMOD_T0M__MODE2 | TMOD_T1M__MODE0 | TMOD_CT0__TIMER
 145   1            | TMOD_GATE0__DISABLED | TMOD_CT1__TIMER | TMOD_GATE1__DISABLED;
 146   1        // [TMOD - Timer 0/1 Mode]$
 147   1      
 148   1        // $[TCON - Timer 0/1 Control]
 149   1        /***********************************************************************
 150   1         - Start Timer 0 running
 151   1         ***********************************************************************/
 152   1        TCON |= TCON_TR0__RUN;
 153   1        // [TCON - Timer 0/1 Control]$
 154   1      
 155   1      }
 156          
 157          extern void
 158          INTERRUPT_0_enter_DefaultMode_from_RESET (void)
 159          {
 160   1        // $[EIE1 - Extended Interrupt Enable 1]
 161   1        // [EIE1 - Extended Interrupt Enable 1]$
 162   1      
 163   1        // $[EIP1 - Extended Interrupt Priority 1]
 164   1        // [EIP1 - Extended Interrupt Priority 1]$
 165   1      
 166   1        // $[IE - Interrupt Enable]
 167   1        /***********************************************************************
 168   1         - Enable each interrupt according to its individual mask setting
 169   1         - Disable external interrupt 0
 170   1         - Disable external interrupt 1
 171   1         - Disable all SPI0 interrupts
 172   1         - Enable interrupt requests generated by the TF0 flag
 173   1         - Disable all Timer 1 interrupt
 174   1         - Disable Timer 2 interrupt
 175   1         - Disable UART0 interrupt
 176   1         ***********************************************************************/
 177   1        IE = IE_EA__ENABLED | IE_EX0__DISABLED | IE_EX1__DISABLED | IE_ESPI0__DISABLED
C51 COMPILER V9.60.0.0   INITDEVICE                                                        09/16/2023 09:36:21 PAGE 4   

 178   1            | IE_ET0__ENABLED | IE_ET1__DISABLED | IE_ET2__DISABLED
 179   1            | IE_ES0__DISABLED;
 180   1        // [IE - Interrupt Enable]$
 181   1      
 182   1        // $[IP - Interrupt Priority]
 183   1        // [IP - Interrupt Priority]$
 184   1      
 185   1      }
 186          
 187          extern void
 188          TIMER01_0_enter_DefaultMode_from_RESET (void)
 189          {
 190   1        // $[Timer Initialization]
 191   1        //Save Timer Configuration
 192   1        uint8_t TCON_save;
 193   1        TCON_save = TCON;
 194   1        //Stop Timers
 195   1        TCON &= ~TCON_TR0__BMASK & ~TCON_TR1__BMASK;
 196   1      
 197   1        // [Timer Initialization]$
 198   1      
 199   1        // $[TH0 - Timer 0 High Byte]
 200   1        /***********************************************************************
 201   1         - Timer 0 High Byte = 0x01
 202   1         ***********************************************************************/
 203   1        TH0 = (0x01 << TH0_TH0__SHIFT);
 204   1        // [TH0 - Timer 0 High Byte]$
 205   1      
 206   1        // $[TL0 - Timer 0 Low Byte]
 207   1        // [TL0 - Timer 0 Low Byte]$
 208   1      
 209   1        // $[TH1 - Timer 1 High Byte]
 210   1        // [TH1 - Timer 1 High Byte]$
 211   1      
 212   1        // $[TL1 - Timer 1 Low Byte]
 213   1        // [TL1 - Timer 1 Low Byte]$
 214   1      
 215   1        // $[Timer Restoration]
 216   1        //Restore Timer Configuration
 217   1        TCON |= (TCON_save & TCON_TR0__BMASK) | (TCON_save & TCON_TR1__BMASK);
 218   1      
 219   1        // [Timer Restoration]$
 220   1      
 221   1      }
 222          


MODULE INFORMATION:   STATIC OVERLAYABLE
   CODE SIZE        =    129    ----
   CONSTANT SIZE    =   ----    ----
   XDATA SIZE       =   ----    ----
   PDATA SIZE       =   ----    ----
   DATA SIZE        =   ----       4
   IDATA SIZE       =   ----    ----
   BIT SIZE         =   ----       1
   EDATA SIZE       =   ----    ----
   HDATA SIZE       =   ----    ----
   XDATA CONST SIZE =   ----    ----
   FAR CONST SIZE   =   ----    ----
END OF MODULE INFORMATION.


C51 COMPILATION COMPLETE.  0 WARNING(S),  0 ERROR(S)
