C51 COMPILER V9.60.0.0   INTERRUPTS                                                        09/16/2023 09:36:22 PAGE 1   


C51 COMPILER V9.60.0.0, COMPILATION OF MODULE INTERRUPTS
OBJECT MODULE PLACED IN .\src\Interrupts.OBJ
COMPILER INVOKED BY: C:\SiliconLabs\SimplicityStudio\v5\developer\toolchains\keil_8051\9.60\BIN\C51.exe C:\Users\Teodor\
                    -Desktop\mc_lab_practical\FajkaV.FodorT.JK02\Feladat3\src\Interrupts.c OMF2 SMALL DEBUG OBJECTEXTEND ROM(LARGE) WARNINGLE
                    -VEL(2) FLOATFUZZY(3) OPTIMIZE(8,SPEED) DEFINE(DEBUG=1) INTVECTOR(0X0000) INTPROMOTE INCDIR(C:\Users\Teodor\Desktop\mc_la
                    -b_practical\FajkaV.FodorT.JK02\Feladat3\inc;C:/SiliconLabs/SimplicityStudio/v5/developer/sdks/8051/v4.2.5//Device/shared
                    -/si8051Base;C:/SiliconLabs/SimplicityStudio/v5/developer/sdks/8051/v4.2.5//Device/EFM8BB1/inc) PRINT(.\src\Interrupts.ls
                    -t) COND PAGEWIDTH(120) PAGELENGTH(65) OBJECT(.\src\Interrupts.OBJ)

line level    source

   1          //=========================================================
   2          // src/Interrupts.c: generated by Hardware Configurator
   3          //
   4          // This file will be regenerated when saving a document.
   5          // leave the sections inside the "$[...]" comment tags alone
   6          // or they will be overwritten!
   7          //=========================================================
   8          
   9          // USER INCLUDES
  10          #include <SI_EFM8BB1_Register_Enums.h>
  11          
  12          //-----------------------------------------------------------------------------
  13          // TIMER0_ISR
  14          //-----------------------------------------------------------------------------
  15          //
  16          // TIMER0 ISR Content goes here. Remember to clear flag bits:
  17          // TCON::TF0 (Timer 0 Overflow Flag)
  18          //
  19          //-----------------------------------------------------------------------------
  20          extern uint8_t led_counter;
  21          extern uint8_t counter;
  22          SI_INTERRUPT (TIMER0_ISR, TIMER0_IRQn)
  23            {
  24   1          TCON_TF0 = 0; //clearing the overflow flag
  25   1          counter++;
  26   1          led_counter++;
  27   1        }
  28          
  29          //-----------------------------------------------------------------------------
  30          // TIMER2_ISR
  31          //-----------------------------------------------------------------------------
  32          //
  33          // TIMER2 ISR Content goes here. Remember to clear flag bits:
  34          // TMR2CN0::TF2H (Timer # High Byte Overflow Flag)
  35          // TMR2CN0::TF2L (Timer # Low Byte Overflow Flag)
  36          //
  37          //-----------------------------------------------------------------------------
  38          


MODULE INFORMATION:   STATIC OVERLAYABLE
   CODE SIZE        =     10    ----
   CONSTANT SIZE    =   ----    ----
   XDATA SIZE       =   ----    ----
   PDATA SIZE       =   ----    ----
   DATA SIZE        =   ----    ----
   IDATA SIZE       =   ----    ----
   BIT SIZE         =   ----    ----
   EDATA SIZE       =   ----    ----
   HDATA SIZE       =   ----    ----
   XDATA CONST SIZE =   ----    ----
C51 COMPILER V9.60.0.0   INTERRUPTS                                                        09/16/2023 09:36:22 PAGE 2   

   FAR CONST SIZE   =   ----    ----
END OF MODULE INFORMATION.


C51 COMPILATION COMPLETE.  0 WARNING(S),  0 ERROR(S)
