C51 COMPILER V9.60.0.0   INTERRUPTS                                                        09/19/2023 17:09:09 PAGE 1   


C51 COMPILER V9.60.0.0, COMPILATION OF MODULE INTERRUPTS
OBJECT MODULE PLACED IN .\src\Interrupts.OBJ
COMPILER INVOKED BY: C:\SiliconLabs\SimplicityStudio\v5\developer\toolchains\keil_8051\9.60\BIN\C51.exe C:\Users\Teodor\
                    -Desktop\mc_lab_practical\FajkaV.FodorT.JK03\Feladat2\src\Interrupts.c OMF2 SMALL DEBUG OBJECTEXTEND ROM(LARGE) WARNINGLE
                    -VEL(2) FLOATFUZZY(3) OPTIMIZE(8,SPEED) DEFINE(DEBUG=1) INTVECTOR(0X0000) INTPROMOTE INCDIR(C:\Users\Teodor\Desktop\mc_la
                    -b_practical\FajkaV.FodorT.JK03\Feladat2\inc;C:/SiliconLabs/SimplicityStudio/v5/developer/sdks/8051/v4.2.5//Device/shared
                    -/si8051Base;C:/SiliconLabs/SimplicityStudio/v5/developer/sdks/8051/v4.2.5//Device/EFM8BB1/inc) PRINT(.\src\Interrupts.ls
                    -t) COND PAGEWIDTH(120) PAGELENGTH(65) OBJECT(.\src\Interrupts.OBJ)

line level    source

   1          //=========================================================
   2          // src/Interrupts.c: generated by Hardware Configurator
   3          //
   4          // This file will be regenerated when saving a document.
   5          // leave the sections inside the "$[...]" comment tags alone
   6          // or they will be overwritten!
   7          //=========================================================
   8          
   9          // USER INCLUDES
  10          #include <SI_EFM8BB1_Register_Enums.h>
  11          #define LED0 P1_B4
  12          //-----------------------------------------------------------------------------
  13          // TIMER2_ISR
  14          //-----------------------------------------------------------------------------
  15          //
  16          // TIMER2 ISR Content goes here. Remember to clear flag bits:
  17          // TMR2CN0::TF2H (Timer # High Byte Overflow Flag)
  18          // TMR2CN0::TF2L (Timer # Low Byte Overflow Flag)
  19          //
  20          //-----------------------------------------------------------------------------
  21          extern uint8_t counter;
  22          SI_INTERRUPT (TIMER2_ISR, TIMER2_IRQn)
  23            {
  24   1          TMR2CN0_TF2H = 0;//clearing the overflow flag
  25   1          counter++;
  26   1        }
  27          


MODULE INFORMATION:   STATIC OVERLAYABLE
   CODE SIZE        =      8    ----
   CONSTANT SIZE    =   ----    ----
   XDATA SIZE       =   ----    ----
   PDATA SIZE       =   ----    ----
   DATA SIZE        =   ----    ----
   IDATA SIZE       =   ----    ----
   BIT SIZE         =   ----    ----
   EDATA SIZE       =   ----    ----
   HDATA SIZE       =   ----    ----
   XDATA CONST SIZE =   ----    ----
   FAR CONST SIZE   =   ----    ----
END OF MODULE INFORMATION.


C51 COMPILATION COMPLETE.  0 WARNING(S),  0 ERROR(S)
