C51 COMPILER V9.60.0.0   MAIN                                                              09/20/2023 18:39:39 PAGE 1   


C51 COMPILER V9.60.0.0, COMPILATION OF MODULE MAIN
OBJECT MODULE PLACED IN .\src\Main.OBJ
COMPILER INVOKED BY: C:\SiliconLabs\SimplicityStudio\v5\developer\toolchains\keil_8051\9.60\BIN\C51.exe C:\Users\Teodor\
                    -Desktop\mc_lab_practical\FajkaV.FodorT.JK03\Feladat2\src\Main.c OMF2 SMALL DEBUG OBJECTEXTEND ROM(LARGE) WARNINGLEVEL(2)
                    - FLOATFUZZY(3) OPTIMIZE(8,SPEED) DEFINE(DEBUG=1) INTVECTOR(0X0000) INTPROMOTE INCDIR(C:\Users\Teodor\Desktop\mc_lab_prac
                    -tical\FajkaV.FodorT.JK03\Feladat2\inc;C:/SiliconLabs/SimplicityStudio/v5/developer/sdks/8051/v4.2.5//Device/shared/si805
                    -1Base;C:/SiliconLabs/SimplicityStudio/v5/developer/sdks/8051/v4.2.5//Device/EFM8BB1/inc) PRINT(.\src\Main.lst) COND PAGE
                    -WIDTH(120) PAGELENGTH(65) OBJECT(.\src\Main.OBJ)

line level    source

   1          //=========================================================
   2          // src/Feladat2_main.c: generated by Hardware Configurator
   3          //
   4          // This file will be updated when saving a document.
   5          // leave the sections inside the "$[...]" comment tags alone
   6          // or they will be overwritten!!
   7          //=========================================================
   8          
   9          //-----------------------------------------------------------------------------
  10          // Includes
  11          //-----------------------------------------------------------------------------
  12          #include <SI_EFM8BB1_Register_Enums.h>                  // SFR declarations
  13          #include "InitDevice.h"
  14          // $[Generated Includes]
  15          // [Generated Includes]$
  16          
  17          
  18          #define BTN0 P0_B2
  19          #define LED0 P1_B4
  20          #define PAUSE 30
  21          //-----------------------------------------------------------------------------
  22          // SiLabs_Startup() Routine
  23          // ----------------------------------------------------------------------------
  24          // This function is called immediately after reset, before the initialization
  25          // code is run in SILABS_STARTUP.A51 (which runs before main() ). This is a
  26          // useful place to disable the watchdog timer, which is enable by default
  27          // and may trigger before main() in some instances.
  28          //-----------------------------------------------------------------------------
  29          
  30          uint8_t counter = 0;
  31          void SiLabs_Startup (void)
  32          {
  33   1        // $[SiLabs Startup]
  34   1        // [SiLabs Startup]$
  35   1      }
  36          
  37          void Delay(uint8_t pause){
  38   1         while(counter < pause); //wait for 2 seconds
  39   1         counter = 0;
  40   1      }
  41          
  42          void Pattern_S(){
  43   1        uint8_t i;
  44   1        for(i = 0; i < 3; i++){
  45   2              LED0 = 0;
  46   2              Delay(25);
  47   2              LED0 = 1;
  48   2              Delay(25);
  49   2        }
  50   1      }
  51          void Pattern_O(){
C51 COMPILER V9.60.0.0   MAIN                                                              09/20/2023 18:39:39 PAGE 2   

  52   1        uint8_t i;
  53   1        for(i = 0; i < 3; i++){
  54   2               LED0 = 0;
  55   2               Delay(75);
  56   2               LED0 = 1;
  57   2               Delay(25);
  58   2         }
  59   1      }
  60          
  61          void Sos(){
  62   1        Pattern_S();
  63   1        Delay(25);
  64   1        Pattern_O();
  65   1        Delay(25);
  66   1        Pattern_S();
  67   1      }
  68          //-----------------------------------------------------------------------------
  69          // main() Routine
  70          // ----------------------------------------------------------------------------
  71          int main (void)
  72          {
  73   1        // Call hardware initialization routine
  74   1        enter_DefaultMode_from_RESET();
  75   1      
  76   1        while (1) 
  77   1        {
  78   2      
  79   2          Sos();
  80   2          Delay(200);
  81   2        }                             
  82   1      }


MODULE INFORMATION:   STATIC OVERLAYABLE
   CODE SIZE        =    101    ----
   CONSTANT SIZE    =   ----    ----
   XDATA SIZE       =   ----    ----
   PDATA SIZE       =   ----    ----
   DATA SIZE        =      1    ----
   IDATA SIZE       =   ----    ----
   BIT SIZE         =   ----    ----
   EDATA SIZE       =   ----    ----
   HDATA SIZE       =   ----    ----
   XDATA CONST SIZE =   ----    ----
   FAR CONST SIZE   =   ----    ----
END OF MODULE INFORMATION.


C51 COMPILATION COMPLETE.  0 WARNING(S),  0 ERROR(S)
