C51 COMPILER V9.60.0.0   MAIN                                                              09/16/2023 09:29:45 PAGE 1   


C51 COMPILER V9.60.0.0, COMPILATION OF MODULE MAIN
OBJECT MODULE PLACED IN .\src\Main.OBJ
COMPILER INVOKED BY: C:\SiliconLabs\SimplicityStudio\v5\developer\toolchains\keil_8051\9.60\BIN\C51.exe C:\Users\Teodor\
                    -Desktop\mc_lab_practical\FajkaV.FodorT.JK02\Feladat2\src\Main.c OMF2 SMALL DEBUG OBJECTEXTEND ROM(LARGE) WARNINGLEVEL(2)
                    - FLOATFUZZY(3) OPTIMIZE(8,SPEED) DEFINE(DEBUG=1) INTVECTOR(0X0000) INTPROMOTE INCDIR(C:\Users\Teodor\Desktop\mc_lab_prac
                    -tical\FajkaV.FodorT.JK02\Feladat2\inc;C:/SiliconLabs/SimplicityStudio/v5/developer/sdks/8051/v4.2.5//Device/shared/si805
                    -1Base;C:/SiliconLabs/SimplicityStudio/v5/developer/sdks/8051/v4.2.5//Device/EFM8BB1/inc) PRINT(.\src\Main.lst) COND PAGE
                    -WIDTH(120) PAGELENGTH(65) OBJECT(.\src\Main.OBJ)

line level    source

   1          //=========================================================
   2          // src/lab_02_2_main.c: generated by Hardware Configurator
   3          //
   4          // This file will be updated when saving a document.
   5          // leave the sections inside the "$[...]" comment tags alone
   6          // or they will be overwritten!!
   7          //=========================================================
   8          
   9          //-----------------------------------------------------------------------------
  10          // Includes
  11          //-----------------------------------------------------------------------------
  12          #include <SI_EFM8BB1_Register_Enums.h>                  // SFR declarations
  13          #include "InitDevice.h"
  14          
  15          #define LED0 P1_B4
  16          #define BTN0 P0_B2
  17          #define PRELL 5
  18          // $[Generated Includes]
  19          // [Generated Includes]$
  20          
  21          //-----------------------------------------------------------------------------
  22          // SiLabs_Startup() Routine
  23          // ----------------------------------------------------------------------------
  24          // This function is called immediately after reset, before the initialization
  25          // code is run in SILABS_STARTUP.A51 (which runs before main() ). This is a
  26          // useful place to disable the watchdog timer, which is enable by default
  27          // and may trigger before main() in some instances.
  28          //-----------------------------------------------------------------------------
  29          void SiLabs_Startup (void)
  30          {
  31   1        // $[SiLabs Startup]
  32   1        // [SiLabs Startup]$
  33   1      }
  34          
  35          uint8_t counter = 0; //counter used for TMR2 interrupt
  36          
  37          void Delay(){
  38   1        while(counter < PRELL); //delay for 50ms
  39   1      }
  40          
  41          //-----------------------------------------------------------------------------
  42          // main() Routine
  43          // ----------------------------------------------------------------------------
  44          int main (void)
  45          {
  46   1        // Call hardware initialization routine
  47   1        enter_DefaultMode_from_RESET();
  48   1      
  49   1        while (1) 
  50   1        {
  51   2            if(!BTN0){ //if the button is pressed
C51 COMPILER V9.60.0.0   MAIN                                                              09/16/2023 09:29:45 PAGE 2   

  52   3                Delay();
  53   3                LED0 = !LED0;//negate the current state of the LED
  54   3                while(!BTN0);
  55   3                counter = 0;
  56   3                Delay();
  57   3            }
  58   2        }                             
  59   1      }


MODULE INFORMATION:   STATIC OVERLAYABLE
   CODE SIZE        =     35    ----
   CONSTANT SIZE    =   ----    ----
   XDATA SIZE       =   ----    ----
   PDATA SIZE       =   ----    ----
   DATA SIZE        =      1    ----
   IDATA SIZE       =   ----    ----
   BIT SIZE         =   ----    ----
   EDATA SIZE       =   ----    ----
   HDATA SIZE       =   ----    ----
   XDATA CONST SIZE =   ----    ----
   FAR CONST SIZE   =   ----    ----
END OF MODULE INFORMATION.


C51 COMPILATION COMPLETE.  0 WARNING(S),  0 ERROR(S)
