C51 COMPILER V9.60.0.0   INITDEVICE                                                        09/16/2023 09:23:30 PAGE 1   


C51 COMPILER V9.60.0.0, COMPILATION OF MODULE INITDEVICE
OBJECT MODULE PLACED IN .\src\InitDevice.OBJ
COMPILER INVOKED BY: C:\SiliconLabs\SimplicityStudio\v5\developer\toolchains\keil_8051\9.60\BIN\C51.exe C:\Users\Teodor\
                    -Desktop\mc_lab_practical\FajkaV.FodorT.JK02\Feladat1\src\InitDevice.c OMF2 SMALL DEBUG OBJECTEXTEND ROM(LARGE) WARNINGLE
                    -VEL(2) FLOATFUZZY(3) OPTIMIZE(8,SPEED) DEFINE(DEBUG=1) INTVECTOR(0X0000) INTPROMOTE INCDIR(C:\Users\Teodor\Desktop\mc_la
                    -b_practical\FajkaV.FodorT.JK02\Feladat1\inc;C:/SiliconLabs/SimplicityStudio/v5/developer/sdks/8051/v4.2.5//Device/shared
                    -/si8051Base;C:/SiliconLabs/SimplicityStudio/v5/developer/sdks/8051/v4.2.5//Device/EFM8BB1/inc) PRINT(.\src\InitDevice.ls
                    -t) COND PAGEWIDTH(120) PAGELENGTH(65) OBJECT(.\src\InitDevice.OBJ)

line level    source

   1          //=========================================================
   2          // src/InitDevice.c: generated by Hardware Configurator
   3          //
   4          // This file will be regenerated when saving a document.
   5          // leave the sections inside the "$[...]" comment tags alone
   6          // or they will be overwritten!
   7          //=========================================================
   8          
   9          // USER INCLUDES
  10          #include <SI_EFM8BB1_Register_Enums.h>
  11          #include "InitDevice.h"
  12          
  13          // USER PROTOTYPES
  14          // USER FUNCTIONS
  15          
  16          // $[Library Includes]
  17          // [Library Includes]$
  18          
  19          //==============================================================================
  20          // enter_DefaultMode_from_RESET
  21          //==============================================================================
  22          extern void
  23          enter_DefaultMode_from_RESET (void)
  24          {
  25   1        // $[Config Calls]
  26   1        WDT_0_enter_DefaultMode_from_RESET ();
  27   1        PORTS_1_enter_DefaultMode_from_RESET ();
  28   1        PBCFG_0_enter_DefaultMode_from_RESET ();
  29   1        TIMER16_2_enter_DefaultMode_from_RESET ();
  30   1        INTERRUPT_0_enter_DefaultMode_from_RESET ();
  31   1        // [Config Calls]$
  32   1      
  33   1      }
  34          
  35          extern void
  36          PORTS_1_enter_DefaultMode_from_RESET (void)
  37          {
  38   1        // $[P1 - Port 1 Pin Latch]
  39   1        // [P1 - Port 1 Pin Latch]$
  40   1      
  41   1        // $[P1MDOUT - Port 1 Output Mode]
  42   1        /***********************************************************************
  43   1         - P1.0 output is open-drain
  44   1         - P1.1 output is open-drain
  45   1         - P1.2 output is open-drain
  46   1         - P1.3 output is open-drain
  47   1         - P1.4 output is push-pull
  48   1         - P1.5 output is open-drain
  49   1         - P1.6 output is open-drain
  50   1         - P1.7 output is open-drain
  51   1         ***********************************************************************/
C51 COMPILER V9.60.0.0   INITDEVICE                                                        09/16/2023 09:23:30 PAGE 2   

  52   1        P1MDOUT = P1MDOUT_B0__OPEN_DRAIN | P1MDOUT_B1__OPEN_DRAIN
  53   1            | P1MDOUT_B2__OPEN_DRAIN | P1MDOUT_B3__OPEN_DRAIN | P1MDOUT_B4__PUSH_PULL
  54   1            | P1MDOUT_B5__OPEN_DRAIN | P1MDOUT_B6__OPEN_DRAIN
  55   1            | P1MDOUT_B7__OPEN_DRAIN;
  56   1        // [P1MDOUT - Port 1 Output Mode]$
  57   1      
  58   1        // $[P1MDIN - Port 1 Input Mode]
  59   1        // [P1MDIN - Port 1 Input Mode]$
  60   1      
  61   1        // $[P1SKIP - Port 1 Skip]
  62   1        // [P1SKIP - Port 1 Skip]$
  63   1      
  64   1        // $[P1MASK - Port 1 Mask]
  65   1        // [P1MASK - Port 1 Mask]$
  66   1      
  67   1        // $[P1MAT - Port 1 Match]
  68   1        // [P1MAT - Port 1 Match]$
  69   1      
  70   1      }
  71          
  72          extern void
  73          PBCFG_0_enter_DefaultMode_from_RESET (void)
  74          {
  75   1        // $[XBR2 - Port I/O Crossbar 2]
  76   1        /***********************************************************************
  77   1         - Weak Pullups enabled 
  78   1         - Crossbar enabled
  79   1         ***********************************************************************/
  80   1        XBR2 = XBR2_WEAKPUD__PULL_UPS_ENABLED | XBR2_XBARE__ENABLED;
  81   1        // [XBR2 - Port I/O Crossbar 2]$
  82   1      
  83   1        // $[PRTDRV - Port Drive Strength]
  84   1        // [PRTDRV - Port Drive Strength]$
  85   1      
  86   1        // $[XBR0 - Port I/O Crossbar 0]
  87   1        // [XBR0 - Port I/O Crossbar 0]$
  88   1      
  89   1        // $[XBR1 - Port I/O Crossbar 1]
  90   1        // [XBR1 - Port I/O Crossbar 1]$
  91   1      
  92   1      }
  93          
  94          extern void
  95          WDT_0_enter_DefaultMode_from_RESET (void)
  96          {
  97   1        // $[Watchdog Timer Init Variable Declarations]
  98   1        uint32_t i;
  99   1        bool ea;
 100   1        // [Watchdog Timer Init Variable Declarations]$
 101   1      
 102   1        // $[WDTCN - Watchdog Timer Control]
 103   1        // Deprecated
 104   1        // [WDTCN - Watchdog Timer Control]$
 105   1      
 106   1        // $[WDTCN_2 - Watchdog Timer Control]
 107   1      
 108   1        // Feed WDT timer before disabling (Erratum WDT_E102)
 109   1        WDTCN = 0xA5;
 110   1      
 111   1        // Add 2 LFO cycle delay before disabling WDT (Erratum WDT_E102)
 112   1        for (i = 0; i < (2 * 3062500UL) / (10000 * 3); i++)
 113   1          {
 114   2            NOP ();
C51 COMPILER V9.60.0.0   INITDEVICE                                                        09/16/2023 09:23:30 PAGE 3   

 115   2          }
 116   1      
 117   1        // Disable WDT
 118   1        ea = IE_EA;
 119   1        IE_EA = 0;
 120   1        WDTCN = 0xDE;
 121   1        WDTCN = 0xAD;
 122   1        IE_EA = ea;
 123   1      
 124   1        // [WDTCN_2 - Watchdog Timer Control]$
 125   1      
 126   1      }
 127          
 128          extern void
 129          INTERRUPT_0_enter_DefaultMode_from_RESET (void)
 130          {
 131   1        // $[EIE1 - Extended Interrupt Enable 1]
 132   1        // [EIE1 - Extended Interrupt Enable 1]$
 133   1      
 134   1        // $[EIP1 - Extended Interrupt Priority 1]
 135   1        // [EIP1 - Extended Interrupt Priority 1]$
 136   1      
 137   1        // $[IE - Interrupt Enable]
 138   1        /***********************************************************************
 139   1         - Enable each interrupt according to its individual mask setting
 140   1         - Disable external interrupt 0
 141   1         - Disable external interrupt 1
 142   1         - Disable all SPI0 interrupts
 143   1         - Disable all Timer 0 interrupt
 144   1         - Disable all Timer 1 interrupt
 145   1         - Enable interrupt requests generated by the TF2L or TF2H flags
 146   1         - Disable UART0 interrupt
 147   1         ***********************************************************************/
 148   1        IE = IE_EA__ENABLED | IE_EX0__DISABLED | IE_EX1__DISABLED | IE_ESPI0__DISABLED
 149   1            | IE_ET0__DISABLED | IE_ET1__DISABLED | IE_ET2__ENABLED
 150   1            | IE_ES0__DISABLED;
 151   1        // [IE - Interrupt Enable]$
 152   1      
 153   1        // $[IP - Interrupt Priority]
 154   1        // [IP - Interrupt Priority]$
 155   1      
 156   1      }
 157          
 158          extern void
 159          TIMER16_2_enter_DefaultMode_from_RESET (void)
 160          {
 161   1        // $[Timer Initialization]
 162   1        // Save Timer Configuration
 163   1        uint8_t TMR2CN0_TR2_save;
 164   1        TMR2CN0_TR2_save = TMR2CN0 & TMR2CN0_TR2__BMASK;
 165   1        // Stop Timer
 166   1        TMR2CN0 &= ~(TMR2CN0_TR2__BMASK);
 167   1        // [Timer Initialization]$
 168   1      
 169   1        // $[TMR2CN0 - Timer 2 Control]
 170   1        // [TMR2CN0 - Timer 2 Control]$
 171   1      
 172   1        // $[TMR2H - Timer 2 High Byte]
 173   1        // [TMR2H - Timer 2 High Byte]$
 174   1      
 175   1        // $[TMR2L - Timer 2 Low Byte]
 176   1        // [TMR2L - Timer 2 Low Byte]$
 177   1      
C51 COMPILER V9.60.0.0   INITDEVICE                                                        09/16/2023 09:23:30 PAGE 4   

 178   1        // $[TMR2RLH - Timer 2 Reload High Byte]
 179   1        /***********************************************************************
 180   1         - Timer 2 Reload High Byte = 0xCE
 181   1         ***********************************************************************/
 182   1        TMR2RLH = (0xCE << TMR2RLH_TMR2RLH__SHIFT);
 183   1        // [TMR2RLH - Timer 2 Reload High Byte]$
 184   1      
 185   1        // $[TMR2RLL - Timer 2 Reload Low Byte]
 186   1        /***********************************************************************
 187   1         - Timer 2 Reload Low Byte = 0x28
 188   1         ***********************************************************************/
 189   1        TMR2RLL = (0x28 << TMR2RLL_TMR2RLL__SHIFT);
 190   1        // [TMR2RLL - Timer 2 Reload Low Byte]$
 191   1      
 192   1        // $[TMR2CN0]
 193   1        /***********************************************************************
 194   1         - Start Timer 2 running
 195   1         ***********************************************************************/
 196   1        TMR2CN0 |= TMR2CN0_TR2__RUN;
 197   1        // [TMR2CN0]$
 198   1      
 199   1        // $[Timer Restoration]
 200   1        // Restore Timer Configuration
 201   1        TMR2CN0 |= TMR2CN0_TR2_save;
 202   1        // [Timer Restoration]$
 203   1      
 204   1      }
 205          


MODULE INFORMATION:   STATIC OVERLAYABLE
   CODE SIZE        =    119    ----
   CONSTANT SIZE    =   ----    ----
   XDATA SIZE       =   ----    ----
   PDATA SIZE       =   ----    ----
   DATA SIZE        =   ----       4
   IDATA SIZE       =   ----    ----
   BIT SIZE         =   ----       1
   EDATA SIZE       =   ----    ----
   HDATA SIZE       =   ----    ----
   XDATA CONST SIZE =   ----    ----
   FAR CONST SIZE   =   ----    ----
END OF MODULE INFORMATION.


C51 COMPILATION COMPLETE.  0 WARNING(S),  0 ERROR(S)
