C51 COMPILER V9.60.0.0   INTERRUPTS                                                        09/16/2023 09:23:30 PAGE 1   


C51 COMPILER V9.60.0.0, COMPILATION OF MODULE INTERRUPTS
OBJECT MODULE PLACED IN .\src\Interrupts.OBJ
COMPILER INVOKED BY: C:\SiliconLabs\SimplicityStudio\v5\developer\toolchains\keil_8051\9.60\BIN\C51.exe C:\Users\Teodor\
                    -Desktop\mc_lab_practical\FajkaV.FodorT.JK02\Feladat1\src\Interrupts.c OMF2 SMALL DEBUG OBJECTEXTEND ROM(LARGE) WARNINGLE
                    -VEL(2) FLOATFUZZY(3) OPTIMIZE(8,SPEED) DEFINE(DEBUG=1) INTVECTOR(0X0000) INTPROMOTE INCDIR(C:\Users\Teodor\Desktop\mc_la
                    -b_practical\FajkaV.FodorT.JK02\Feladat1\inc;C:/SiliconLabs/SimplicityStudio/v5/developer/sdks/8051/v4.2.5//Device/shared
                    -/si8051Base;C:/SiliconLabs/SimplicityStudio/v5/developer/sdks/8051/v4.2.5//Device/EFM8BB1/inc) PRINT(.\src\Interrupts.ls
                    -t) COND PAGEWIDTH(120) PAGELENGTH(65) OBJECT(.\src\Interrupts.OBJ)

line level    source

   1          //=========================================================
   2          // src/Interrupts.c: generated by Hardware Configurator
   3          //
   4          // This file will be regenerated when saving a document.
   5          // leave the sections inside the "$[...]" comment tags alone
   6          // or they will be overwritten!
   7          //=========================================================
   8          
   9          // USER INCLUDES
  10          #include <SI_EFM8BB1_Register_Enums.h>
  11          
  12          #define BTN0 P0_B2
  13          #define LED0 P1_B4
  14          
  15          //-----------------------------------------------------------------------------
  16          // TIMER2_ISR
  17          //-----------------------------------------------------------------------------
  18          //
  19          // TIMER2 ISR Content goes here. Remember to clear flag bits:
  20          // TMR2CN0::TF2H (Timer # High Byte Overflow Flag)
  21          // TMR2CN0::TF2L (Timer # Low Byte Overflow Flag)
  22          //
  23          //-----------------------------------------------------------------------------
  24          SI_INTERRUPT (TIMER2_ISR, TIMER2_IRQn)
  25            {
  26   1          TMR2CN0_TF2H = 0; //clearing the overflow flag
  27   1             if(!BTN0){
  28   2                 LED0 = !LED0; //negate the current state of LED0
  29   2             }
  30   1             else{
  31   2                 LED0 = 1;
  32   2             }
  33   1         }


MODULE INFORMATION:   STATIC OVERLAYABLE
   CODE SIZE        =     14    ----
   CONSTANT SIZE    =   ----    ----
   XDATA SIZE       =   ----    ----
   PDATA SIZE       =   ----    ----
   DATA SIZE        =   ----    ----
   IDATA SIZE       =   ----    ----
   BIT SIZE         =   ----    ----
   EDATA SIZE       =   ----    ----
   HDATA SIZE       =   ----    ----
   XDATA CONST SIZE =   ----    ----
   FAR CONST SIZE   =   ----    ----
END OF MODULE INFORMATION.


C51 COMPILATION COMPLETE.  0 WARNING(S),  0 ERROR(S)
