C51 COMPILER V9.60.0.0   INTERRUPTS                                                        09/21/2023 15:51:52 PAGE 1   


C51 COMPILER V9.60.0.0, COMPILATION OF MODULE INTERRUPTS
OBJECT MODULE PLACED IN .\src\Interrupts.OBJ
COMPILER INVOKED BY: C:\SiliconLabs\SimplicityStudio\v5\developer\toolchains\keil_8051\9.60\BIN\C51.exe C:\Users\Teodor\
                    -Desktop\mc_lab_practical\FajkaV.FodorT.JK03\Feladat1\src\Interrupts.c OMF2 SMALL DEBUG OBJECTEXTEND ROM(LARGE) WARNINGLE
                    -VEL(2) FLOATFUZZY(3) OPTIMIZE(8,SPEED) DEFINE(DEBUG=1) INTVECTOR(0X0000) INTPROMOTE INCDIR(C:\Users\Teodor\Desktop\mc_la
                    -b_practical\FajkaV.FodorT.JK03\Feladat1\inc;C:/SiliconLabs/SimplicityStudio/v5/developer/sdks/8051/v4.2.5//Device/shared
                    -/si8051Base;C:/SiliconLabs/SimplicityStudio/v5/developer/sdks/8051/v4.2.5//Device/EFM8BB1/inc) PRINT(.\src\Interrupts.ls
                    -t) COND PAGEWIDTH(120) PAGELENGTH(65) OBJECT(.\src\Interrupts.OBJ)

line level    source

   1          //=========================================================
   2          // src/Interrupts.c: generated by Hardware Configurator
   3          //
   4          // This file will be regenerated when saving a document.
   5          // leave the sections inside the "$[...]" comment tags alone
   6          // or they will be overwritten!
   7          //=========================================================
   8          
   9          // USER INCLUDES
  10          #include <SI_EFM8BB1_Register_Enums.h>
  11          
  12          #define LED0 P1_B4
  13          #define REACT_TIME 200 //200 ms time for the user's reaction
  14          //-----------------------------------------------------------------------------
  15          // TIMER0_ISR
  16          //-----------------------------------------------------------------------------
  17          //
  18          // TIMER0 ISR Content goes here. Remember to clear flag bits:
  19          // TCON::TF0 (Timer 0 Overflow Flag)
  20          //
  21          //-----------------------------------------------------------------------------
  22          extern uint8_t counter;
  23          extern volatile bit start;
  24          extern volatile bit stop;
  25          
  26          SI_INTERRUPT (TIMER0_ISR, TIMER0_IRQn)
  27          {
  28   1          TCON_TF0 = 0;
  29   1          if(start && !stop)
  30   1          {
  31   2              counter++;
  32   2              if(counter > REACT_TIME)
  33   2              {
  34   3                  stop = 1;
  35   3                  LED0 = 0; //keep LED0 on
  36   3              }
  37   2          }
  38   1      }
  39          


MODULE INFORMATION:   STATIC OVERLAYABLE
   CODE SIZE        =     37    ----
   CONSTANT SIZE    =   ----    ----
   XDATA SIZE       =   ----    ----
   PDATA SIZE       =   ----    ----
   DATA SIZE        =   ----    ----
   IDATA SIZE       =   ----    ----
   BIT SIZE         =   ----    ----
   EDATA SIZE       =   ----    ----
   HDATA SIZE       =   ----    ----
C51 COMPILER V9.60.0.0   INTERRUPTS                                                        09/21/2023 15:51:52 PAGE 2   

   XDATA CONST SIZE =   ----    ----
   FAR CONST SIZE   =   ----    ----
END OF MODULE INFORMATION.


C51 COMPILATION COMPLETE.  0 WARNING(S),  0 ERROR(S)
